\BOOKMARK [1][-]{section.1}{Introduction}{}% 1
\BOOKMARK [2][-]{subsection.1.1}{The Model}{section.1}% 2
\BOOKMARK [1][-]{section.2}{Existing Methods}{}% 3
\BOOKMARK [2][-]{subsection.2.1}{Concentration time series}{section.2}% 4
\BOOKMARK [2][-]{subsection.2.2}{Rate of Production and Loss}{section.2}% 5
\BOOKMARK [2][-]{subsection.2.3}{Using the Jacobian Matrix}{section.2}% 6
\BOOKMARK [3][-]{subsubsection.2.3.1}{Summary of current methods}{subsection.2.3}% 7
\BOOKMARK [1][-]{section.3}{Graph based methods}{}% 8
\BOOKMARK [2][-]{subsection.3.1}{Unweighted Directed Analysis}{section.3}% 9
\BOOKMARK [3][-]{subsubsection.3.1.1}{Degree}{subsection.3.1}% 10
\BOOKMARK [3][-]{subsubsection.3.1.2}{Hypertext Induced Topic Search \(HITS\)}{subsection.3.1}% 11
\BOOKMARK [2][-]{subsection.3.2}{Weighted Degree}{section.3}% 12
\BOOKMARK [2][-]{subsection.3.3}{Shortest Path}{section.3}% 13
\BOOKMARK [2][-]{subsection.3.4}{The hierarchical subgraph of influence.}{section.3}% 14
\BOOKMARK [3][-]{subsubsection.3.4.1}{Closness Centrality}{subsection.3.4}% 15
\BOOKMARK [3][-]{subsubsection.3.4.2}{Betweenness}{subsection.3.4}% 16
\BOOKMARK [3][-]{subsubsection.3.4.3}{Comparing Closeness with Betweeness}{subsection.3.4}% 17
\BOOKMARK [2][-]{subsection.3.5}{Spectral methods for matrix analysis.}{section.3}% 18
\BOOKMARK [2][-]{subsection.3.6}{Page Rank}{section.3}% 19
\BOOKMARK [3][-]{subsubsection.3.6.1}{The Google Matrix}{subsection.3.6}% 20
\BOOKMARK [3][-]{subsubsection.3.6.2}{Solving the algebra}{subsection.3.6}% 21
\BOOKMARK [3][-]{subsubsection.3.6.3}{Personalised Page Rank}{subsection.3.6}% 22
\BOOKMARK [1][-]{section.4}{Application and Implication}{}% 23
\BOOKMARK [2][-]{subsection.4.1}{Reversing the Flow}{section.4}% 24
\BOOKMARK [2][-]{subsection.4.2}{Sensitivity Analysis}{section.4}% 25
\BOOKMARK [2][-]{subsection.4.3}{Future work and Temporal data}{section.4}% 26
\BOOKMARK [1][-]{section.5}{Concluding Remarks}{}% 27
