\BOOKMARK [0][-]{chapter.1}{Applying Visual Analytics to the Atmospheric Chemistry Network}{}% 1
\BOOKMARK [1][-]{section.1.1}{Introduction}{chapter.1}% 2
\BOOKMARK [2][-]{subsection.1.1.1}{Networks And Their Role In Visual Analytics}{section.1.1}% 3
\BOOKMARK [2][-]{subsection.1.1.2}{Graphs In Chemistry}{section.1.1}% 4
\BOOKMARK [3][-]{subsubsection.1.1.2.1}{Using Sociograms To Describe Reactions}{subsection.1.1.2}% 5
\BOOKMARK [2][-]{subsection.1.1.3}{Modeling Chemistry As A Directed Graph.}{section.1.1}% 6
\BOOKMARK [1][-]{section.1.2}{Graph Syntatics}{chapter.1}% 7
\BOOKMARK [2][-]{subsection.1.2.1}{Selecting The Correct Evaluation Criteria.}{section.1.2}% 8
\BOOKMARK [3][-]{subsubsection.1.2.1.1}{Edge Crossing}{subsection.1.2.1}% 9
\BOOKMARK [3][-]{subsubsection.1.2.1.2}{Node Distribution And Overlap}{subsection.1.2.1}% 10
\BOOKMARK [2][-]{subsection.1.2.2}{Automated Graph Drawing Layouts}{section.1.2}% 11
\BOOKMARK [3][-]{subsubsection.1.2.2.1}{Replication Of Hand-Drawing Methods}{subsection.1.2.2}% 12
\BOOKMARK [3][-]{subsubsection.1.2.2.2}{Projection Based}{subsection.1.2.2}% 13
\BOOKMARK [3][-]{subsubsection.1.2.2.3}{Force-Directed}{subsection.1.2.2}% 14
\BOOKMARK [1][-]{section.1.3}{Selecting The Best Graph Drawing Layout.}{chapter.1}% 15
\BOOKMARK [2][-]{subsection.1.3.1}{Graph-Node distribution}{section.1.3}% 16
\BOOKMARK [3][-]{subsubsection.1.3.1.1}{Evaluating Node Distribution For The Beijing Mechanism}{subsection.1.3.1}% 17
\BOOKMARK [3][-]{subsubsection.1.3.1.2}{Distribution of Primary Emitted VOCs}{subsection.1.3.1}% 18
\BOOKMARK [3][-]{subsubsection.1.3.1.3}{Calculation of Spatial Clustering}{subsection.1.3.1}% 19
\BOOKMARK [1][-]{section.1.4}{Graph Semantics}{chapter.1}% 20
\BOOKMARK [2][-]{subsection.1.4.1}{Limitations}{section.1.4}% 21
\BOOKMARK [2][-]{subsection.1.4.2}{Node Encoding}{section.1.4}% 22
\BOOKMARK [2][-]{subsection.1.4.3}{Edge Properties}{section.1.4}% 23
\BOOKMARK [3][-]{subsubsection.1.4.3.1}{Muti-variate edges}{subsection.1.4.3}% 24
\BOOKMARK [3][-]{subsubsection.1.4.3.2}{Edge Direction}{subsection.1.4.3}% 25
\BOOKMARK [3][-]{subsubsection.1.4.3.3}{Edge Shape}{subsection.1.4.3}% 26
\BOOKMARK [3][-]{subsubsection.1.4.3.4}{Edge Bundling }{subsection.1.4.3}% 27
\BOOKMARK [3][-]{subsubsection.1.4.3.5}{Power, Routing and Confluence.}{subsection.1.4.3}% 28
\BOOKMARK [3][-]{subsubsection.1.4.3.6}{ Angle / Continuity}{subsection.1.4.3}% 29
\BOOKMARK [2][-]{subsection.1.4.4}{Temporal Projection}{section.1.4}% 30
\BOOKMARK [2][-]{subsection.1.4.5}{Additional Dimensions}{section.1.4}% 31
\BOOKMARK [2][-]{subsection.1.4.6}{Summary}{section.1.4}% 32
\BOOKMARK [1][-]{section.1.5}{A Chemistry Case Study}{chapter.1}% 33
\BOOKMARK [2][-]{subsection.1.5.1}{Syntatic Representation}{section.1.5}% 34
\BOOKMARK [2][-]{subsection.1.5.2}{Semantic Representation}{section.1.5}% 35
\BOOKMARK [1][-]{section.1.6}{A Model Of Beijing}{chapter.1}% 36
\BOOKMARK [2][-]{subsubsection.1.6.0.1}{Trends In The Chemistry}{section.1.6}% 37
\BOOKMARK [1][-]{section.1.7}{Summary}{chapter.1}% 38
